<?xml version="1.0" encoding="UTF-8"?>
<testng-results ignored="0" total="1" passed="1" failed="0" skipped="0">
  <reporter-output>
    <line>
      <![CDATA[Unread Messages in Inbox: 2]]>
    </line>
    <line>
      <![CDATA[Subject: RE: Tester Is tester]]>
    </line>
    <line>
      <![CDATA[Details of the ID from the first unread mail sender: snehashish.chakraborty@goodworklabs.com]]>
    </line>
    <line>
      <![CDATA[Mail Sent Successfully]]>
    </line>
  </reporter-output>
  <suite started-at="2018-05-30T18:19:17Z" name="Default suite" finished-at="2018-05-30T18:20:51Z" duration-ms="93362">
    <groups>
    </groups>
    <test started-at="2018-05-30T18:19:17Z" name="Default test" finished-at="2018-05-30T18:20:51Z" duration-ms="93362">
      <class name="com.gmail.tests.MailTest">
        <test-method is-config="true" signature="startReport()[pri:0, instance:com.gmail.tests.MailTest@60db1c0e]" started-at="2018-05-30T18:19:17Z" name="startReport" finished-at="2018-05-30T18:19:17Z" duration-ms="700" status="PASS">
          <reporter-output>
          </reporter-output>
        </test-method> <!-- startReport -->
        <test-method is-config="true" signature="preCondition()[pri:0, instance:com.gmail.tests.MailTest@60db1c0e]" started-at="2018-05-30T18:19:17Z" name="preCondition" finished-at="2018-05-30T18:19:30Z" duration-ms="12424" status="PASS">
          <reporter-output>
          </reporter-output>
        </test-method> <!-- preCondition -->
        <test-method signature="check_mail_scenario()[pri:0, instance:com.gmail.tests.MailTest@60db1c0e]" started-at="2018-05-30T18:19:30Z" name="check_mail_scenario" finished-at="2018-05-30T18:20:49Z" duration-ms="79421" status="PASS">
          <reporter-output>
            <line>
              <![CDATA[Unread Messages in Inbox: 2]]>
            </line>
            <line>
              <![CDATA[Subject: RE: Tester Is tester]]>
            </line>
            <line>
              <![CDATA[Details of the ID from the first unread mail sender: snehashish.chakraborty@goodworklabs.com]]>
            </line>
          </reporter-output>
        </test-method> <!-- check_mail_scenario -->
        <test-method is-config="true" signature="getResult(org.testng.ITestResult)[pri:0, instance:com.gmail.tests.MailTest@60db1c0e]" started-at="2018-05-30T18:20:49Z" name="getResult" finished-at="2018-05-30T18:20:49Z" duration-ms="11" status="PASS">
          <params>
            <param index="0">
              <value>
                <![CDATA[[TestResult name=check_mail_scenario status=SUCCESS method=MailTest.check_mail_scenario()[pri:0, instance:com.gmail.tests.MailTest@60db1c0e] output=Unread Messages in Inbox: 2]]]>
              </value>
            </param>
          </params>
          <reporter-output>
          </reporter-output>
        </test-method> <!-- getResult -->
        <test-method is-config="true" signature="postCondition()[pri:0, instance:com.gmail.tests.MailTest@60db1c0e]" started-at="2018-05-30T18:20:49Z" name="postCondition" finished-at="2018-05-30T18:20:51Z" duration-ms="1473" status="PASS">
          <reporter-output>
          </reporter-output>
        </test-method> <!-- postCondition -->
        <test-method is-config="true" signature="endReport()[pri:0, instance:com.gmail.tests.MailTest@60db1c0e]" started-at="2018-05-30T18:20:51Z" name="endReport" finished-at="2018-05-30T18:20:59Z" duration-ms="7916" status="PASS">
          <reporter-output>
            <line>
              <![CDATA[Mail Sent Successfully]]>
            </line>
          </reporter-output>
        </test-method> <!-- endReport -->
      </class> <!-- com.gmail.tests.MailTest -->
    </test> <!-- Default test -->
  </suite> <!-- Default suite -->
</testng-results>
